==================
WARNING: DATA RACE
Read at 0x00000114c900 by goroutine 7:
  main.criticalSection()
      /Users/trongtran/Downloads/gorace-examples/methodInvocationByValueVsByPointer.go:11 +0x64
  main.main.func2()
      /Users/trongtran/Downloads/gorace-examples/methodInvocationByValueVsByPointer.go:21 +0x44

Previous write at 0x00000114c900 by goroutine 6:
  main.criticalSection()
      /Users/trongtran/Downloads/gorace-examples/methodInvocationByValueVsByPointer.go:11 +0x7c
  main.main.func1()
      /Users/trongtran/Downloads/gorace-examples/methodInvocationByValueVsByPointer.go:20 +0x44

Goroutine 7 (running) created at:
  main.main()
      /Users/trongtran/Downloads/gorace-examples/methodInvocationByValueVsByPointer.go:21 +0xc4

Goroutine 6 (running) created at:
  main.main()
      /Users/trongtran/Downloads/gorace-examples/methodInvocationByValueVsByPointer.go:20 +0x7d
==================
Found 1 data race(s)
exit status 66
